[13:26:47] {'type': 'credentials', 'data': {'url': 'https://www.facebook.com/', 'timestamp': '2026-04-09T17:26:47.187Z', 'username': '', 'password': 'sfsfs', 'email': 'sfawasf'}}
[13:27:53] {'type': 'credentials', 'data': {'url': 'https://www.facebook.com/login/web/?cuid=AYh4zMkNueEs1lvK2mcEddsqScNJZoO7AWLVQzrrZ1Ecm_HN9kQUg6fT1y-1RNPPzPG93SX4JbukIyYfuYRIPbPIrJz_s-6PdAew6_qIbAEqBQ&e=1348092&next', 'timestamp': '2026-04-09T17:27:53.584Z', 'username': '', 'password': 'sfdfds', 'email': 'sfsdfsdf'}}
[13:35:43] {'type': 'credentials', 'data': {'url': 'https://www.facebook.com/login/web/?cuid=AYh4zMkNueEs1lvK2mcEddsqScNJZoO7AWLVQzrrZ1Ecm_HN9kQUg6fT1y-1RNPPzPG93SX4JbukIyYfuYRIPbPIrJz_s-6PdAew6_qIbAEqBQ&e=1348092&next', 'timestamp': '2026-04-09T17:35:43.256Z', 'username': '', 'password': 'fsfsd', 'email': 'sfsf'}}
[13:41:34] {'type': 'credentials', 'data': {'url': 'https://www.facebook.com/login/web/?cuid=AYh4zMkNueEs1lvK2mcEddsqScNJZoO7AWLVQzrrZ1Ecm_HN9kQUg6fT1y-1RNPPzPG93SX4JbukIyYfuYRIPbPIrJz_s-6PdAew6_qIbAEqBQ&e=1348092&next', 'timestamp': '2026-04-09T17:41:34.293Z', 'username': '', 'password': 'sffsddsffsd', 'email': 'sffsdd'}}
[13:49:33] {'type': 'credentials', 'data': {'url': 'https://www.facebook.com/', 'timestamp': '2026-04-09T17:49:33.761Z', 'username': '', 'password': 'sfdsd', 'email': 'sfdsfd'}}
[13:50:21] {'type': 'credentials', 'data': {'url': 'https://moellim.riphah.edu.pk/login/index.php', 'timestamp': '2026-04-09T17:50:21.917Z', 'username': 'sfsd', 'password': 'sdfsd', 'email': ''}}
[13:50:22] {'type': 'credentials', 'data': {'url': 'https://moellim.riphah.edu.pk/login/index.php', 'timestamp': '2026-04-09T17:50:22.580Z', 'username': 'sfsd', 'password': 'sdfsd', 'email': ''}}
[13:52:26] {'type': 'credentials', 'data': {'url': 'https://moellim.riphah.edu.pk/login/index.php', 'timestamp': '2026-04-09T17:52:26.134Z', 'username': 'sfdsd', 'password': 'sfdds', 'email': ''}}
[13:52:26] {'type': 'credentials', 'data': {'url': 'https://moellim.riphah.edu.pk/login/index.php', 'timestamp': '2026-04-09T17:52:26.852Z', 'username': 'sfdsd', 'password': 'sfdds', 'email': ''}}
[13:53:54] {'type': 'credentials', 'data': {'url': 'https://moellim.riphah.edu.pk/login/index.php', 'timestamp': '2026-04-09T17:53:54.021Z', 'username': 'dfdsfsd', 'password': 'sdffs', 'email': ''}}
[13:53:54] {'type': 'credentials', 'data': {'url': 'https://moellim.riphah.edu.pk/login/index.php', 'timestamp': '2026-04-09T17:53:54.738Z', 'username': 'dfdsfsd', 'password': 'sdffs', 'email': ''}}
[13:59:50] {'type': 'credentials', 'data': {'url': 'https://moellim.riphah.edu.pk/login/index.php', 'timestamp': '2026-04-09T17:59:49.997Z', 'username': 'sdff', 'password': 'sfdfsd', 'email': ''}}
[13:59:50] {'type': 'credentials', 'data': {'url': 'https://moellim.riphah.edu.pk/login/index.php', 'timestamp': '2026-04-09T17:59:50.722Z', 'username': 'sdff', 'password': 'sfdfsd', 'email': ''}}
[14:06:43] {'type': 'credentials', 'data': {'url': 'https://moellim.riphah.edu.pk/login/index.php', 'timestamp': '2026-04-09T18:06:43.162Z', 'username': 'daad', 'password': 'adsda', 'email': ''}}
[14:06:43] {'type': 'credentials', 'data': {'url': 'https://moellim.riphah.edu.pk/login/index.php', 'timestamp': '2026-04-09T18:06:43.874Z', 'username': 'daad', 'password': 'adsda', 'email': ''}}
[14:15:00] {'type': 'credentials', 'data': {'url': 'https://moellim.riphah.edu.pk/login/index.php', 'timestamp': '2026-04-09T18:15:00.138Z', 'username': 'asdas', 'password': 'adsasd', 'email': ''}}
[14:19:58] {'type': 'credentials', 'data': {'url': 'https://moellim.riphah.edu.pk/login/index.php', 'timestamp': '2026-04-09T18:19:58.967Z', 'username': 'sdaads', 'password': 'sasadsd', 'email': ''}}
[14:19:59] {'type': 'credentials', 'data': {'url': 'https://moellim.riphah.edu.pk/login/index.php', 'timestamp': '2026-04-09T18:19:59.684Z', 'username': 'sdaads', 'password': 'sasadsd', 'email': ''}}
[04:44:59] {'type': 'credentials', 'data': {'url': 'https://www.facebook.com/', 'timestamp': '2026-04-10T08:44:59.776Z', 'username': '', 'password': 'werv', 'email': 'wrwwerv'}}
[05:03:51] {'type': 'credentials', 'data': {'url': 'https://moellim.riphah.edu.pk/login/index.php', 'timestamp': '2026-04-10T09:03:51.677Z', 'username': 'afddsf', 'password': 'sfssdf', 'email': ''}}
[05:25:49] {'type': 'credentials', 'data': {'url': 'https://moellim.riphah.edu.pk/login/index.php', 'timestamp': '2026-04-10T09:25:49.373Z', 'username': 'zxccz', 'password': 'zcxzcx', 'email': ''}}
[05:27:56] {'type': 'credentials', 'data': {'url': 'https://moellim.riphah.edu.pk/login/index.php', 'timestamp': '2026-04-10T09:27:56.317Z', 'username': 'zxccz', 'password': 'zcxzcx', 'email': ''}}
[05:28:04] {'type': 'credentials', 'data': {'url': 'https://moellim.riphah.edu.pk/login/index.php', 'timestamp': '2026-04-10T09:28:04.565Z', 'username': 'zxccz', 'password': 'zcxzcx', 'email': ''}}
[05:28:39] {'type': 'credentials', 'data': {'url': 'https://moellim.riphah.edu.pk/login/index.php', 'timestamp': '2026-04-10T09:28:39.141Z', 'username': 'zxccz', 'password': 'dsfsd', 'email': ''}}
[05:31:48] {'type': 'credentials', 'data': {'url': 'https://moellim.riphah.edu.pk/login/index.php', 'timestamp': '2026-04-10T09:31:48.228Z', 'username': '44926', 'password': 'jg4hhxgdRiphah', 'email': ''}}
[05:32:09] {'type': 'credentials', 'data': {'url': 'https://moellim.riphah.edu.pk/login/index.php', 'timestamp': '2026-04-10T09:32:08.925Z', 'username': '44926', 'password': 'jg4hhxgdRiphah', 'email': ''}}
[05:34:29] {'type': 'credentials', 'data': {'url': 'https://moellim.riphah.edu.pk/login/index.php', 'timestamp': '2026-04-10T09:34:29.656Z', 'username': '44926', 'password': 'JG4HHxGd.1', 'email': ''}}
[05:34:33] {'type': 'credentials', 'data': {'url': 'https://moellim.riphah.edu.pk/login/index.php', 'timestamp': '2026-04-10T09:34:33.029Z', 'username': '44926', 'password': 'JG4HHxGd.1', 'email': ''}}
[04:42:06] {'type': 'credentials', 'data': {'url': 'https://moellim.riphah.edu.pk/login/index.php', 'timestamp': '2026-04-11T08:42:06.070Z', 'username': '44926', 'password': 'JG4HHxGd.1', 'email': ''}}
[04:46:45] {'type': 'credentials', 'data': {'url': 'https://moellim.riphah.edu.pk/login/index.php', 'timestamp': '2026-04-11T08:46:45.601Z', 'username': '44926', 'password': 'JG4HHxGd.1', 'email': ''}}
[04:49:04] {'type': 'credentials', 'data': {'url': 'https://moellim.riphah.edu.pk/login/index.php', 'timestamp': '2026-04-11T08:49:04.722Z', 'username': '44926', 'password': 'JG4HHxGd.1', 'email': ''}}
[04:53:45] {'type': 'credentials', 'data': {'url': 'https://moellim.riphah.edu.pk/login/index.php', 'timestamp': '2026-04-11T08:53:45.985Z', 'username': '44926', 'password': 'JG4HHxGd.1', 'email': ''}}
[04:56:16] {'type': 'credentials', 'data': {'url': 'https://moellim.riphah.edu.pk/login/index.php', 'timestamp': '2026-04-11T08:56:16.126Z', 'username': '44926', 'password': 'JG4HHxGd.1', 'email': ''}}
[04:57:23] {'type': 'credentials', 'data': {'url': 'https://www.facebook.com/', 'timestamp': '2026-04-11T08:57:23.411Z', 'username': '', 'password': 'fsdsdfdsffddfs', 'email': 'sdffddsf'}}
[05:04:08] {'type': 'credentials', 'data': {'url': 'https://www.facebook.com/', 'timestamp': '2026-04-11T09:04:08.544Z', 'username': '', 'password': 'asdas', 'email': 'asds'}}
[05:46:53] {'type': 'credentials', 'data': {'url': 'https://www.facebook.com/', 'timestamp': '2026-04-11T09:46:53.844Z', 'username': '', 'password': 'asdas', 'email': 'asds'}}
[05:48:38] {'type': 'credentials', 'data': {'url': 'https://www.facebook.com/', 'timestamp': '2026-04-11T09:48:38.923Z', 'username': '', 'password': 'asdas', 'email': 'asds'}}
[06:14:21] {'type': 'credentials', 'data': {'url': 'https://www.facebook.com/', 'timestamp': '2026-04-11T10:14:21.969Z', 'username': '', 'password': 'kjbk', 'email': 'nnm,'}}
[06:15:06] {'type': 'credentials', 'data': {'url': 'https://www.facebook.com/', 'timestamp': '2026-04-11T10:15:06.744Z', 'username': '', 'password': 'kjbk', 'email': 'nnm,'}}
[06:15:11] {'type': 'credentials', 'data': {'url': 'https://www.facebook.com/', 'timestamp': '2026-04-11T10:15:11.520Z', 'username': '', 'password': 'kjbk', 'email': 'nnm,'}}
[09:12:36] {'type': 'credentials', 'data': {'url': 'https://moellim.riphah.edu.pk/login/index.php', 'timestamp': '2026-04-11T13:12:36.271Z', 'username': 'adnsmfad', 'password': 'fsddfs', 'email': ''}}
[09:12:37] {'type': 'credentials', 'data': {'url': 'https://moellim.riphah.edu.pk/login/index.php', 'timestamp': '2026-04-11T13:12:37.048Z', 'username': 'adnsmfad', 'password': 'fsddfs', 'email': ''}}
[09:50:27] {'type': 'credentials', 'data': {'url': 'https://moellim.riphah.edu.pk/login/index.php', 'timestamp': '2026-04-11T13:50:27.169Z', 'username': 'sfdd', 'password': 'fdsdsf', 'email': ''}}
[10:09:16] {'type': 'credentials', 'data': {'url': 'https://moellim.riphah.edu.pk/login/index.php', 'timestamp': '2026-04-11T14:09:16.493Z', 'username': 'sdf', 'password': 'sdffds', 'email': ''}}
[10:09:20] {'type': 'credentials', 'data': {'url': 'https://moellim.riphah.edu.pk/login/index.php', 'timestamp': '2026-04-11T14:09:20.822Z', 'username': 'sdf', 'password': 'sdffds', 'email': ''}}
[10:09:30] {'type': 'credentials', 'data': {'url': 'https://moellim.riphah.edu.pk/login/index.php', 'timestamp': '2026-04-11T14:09:30.417Z', 'username': 'sdf', 'password': 'sdffds', 'email': ''}}
[10:14:46] {'type': 'credentials', 'data': {'url': 'https://moellim.riphah.edu.pk/login/index.php', 'timestamp': '2026-04-11T14:14:46.614Z', 'username': 'bilal', 'password': 'adsff', 'email': ''}}
[10:38:35] {'type': 'credentials', 'data': {'url': 'https://moellim.riphah.edu.pk/login/index.php', 'timestamp': '2026-04-11T14:38:35.117Z', 'username': 'sdff', 'password': 'fsfsd', 'email': ''}}
[10:38:45] {'type': 'credentials', 'data': {'url': 'https://moellim.riphah.edu.pk/login/index.php', 'timestamp': '2026-04-11T14:38:45.761Z', 'username': 'sdff', 'password': 'fsfsd', 'email': ''}}
[10:39:37] {'type': 'credentials', 'data': {'url': 'https://moellim.riphah.edu.pk/login/index.php', 'timestamp': '2026-04-11T14:39:37.716Z', 'username': 'sdff', 'password': 'fsfsd', 'email': ''}}
[10:20:47] {'type': 'credentials', 'data': {'url': 'https://moellim.riphah.edu.pk/login/index.php', 'timestamp': '2026-04-13T14:20:47.327Z', 'username': 'ghgh', 'password': 'jkjkb', 'email': ''}}
[10:20:48] {'type': 'credentials', 'data': {'url': 'https://moellim.riphah.edu.pk/login/index.php', 'timestamp': '2026-04-13T14:20:48.046Z', 'username': 'ghgh', 'password': 'jkjkb', 'email': ''}}
[10:25:00] {'type': 'credentials', 'data': {'url': 'https://moellim.riphah.edu.pk/login/index.php', 'timestamp': '2026-04-13T14:25:00.575Z', 'username': '44926', 'password': 'JG4HHxGd.1', 'email': ''}}
[10:25:03] {'type': 'credentials', 'data': {'url': 'https://moellim.riphah.edu.pk/login/index.php', 'timestamp': '2026-04-13T14:25:03.351Z', 'username': '44926', 'password': 'JG4HHxGd.1', 'email': ''}}
[10:35:04] {'type': 'credentials', 'data': {'url': 'https://www.facebook.com/', 'timestamp': '2026-04-13T14:35:04.966Z', 'username': '', 'password': 'jknknkj;', 'email': 'ffghhg'}}
[09:21:05] {'type': 'credentials', 'data': {'url': 'https://moellim.riphah.edu.pk/login/index.php', 'timestamp': '2026-04-14T13:21:05.457Z', 'username': '44926', 'password': 'JG4HHxGd.1', 'email': ''}}
[09:21:07] {'type': 'credentials', 'data': {'url': 'https://moellim.riphah.edu.pk/login/index.php', 'timestamp': '2026-04-14T13:21:07.520Z', 'username': '44926', 'password': 'JG4HHxGd.1', 'email': ''}}
[09:21:40] {'type': 'credentials', 'data': {'url': 'https://moellim.riphah.edu.pk/login/index.php', 'timestamp': '2026-04-14T13:21:40.931Z', 'username': '44926', 'password': 'JG4HHxGd.1', 'email': ''}}
[09:21:44] {'type': 'credentials', 'data': {'url': 'https://moellim.riphah.edu.pk/login/index.php', 'timestamp': '2026-04-14T13:21:44.561Z', 'username': '44926', 'password': 'JG4HHxGd.1', 'email': ''}}
[09:22:17] {'type': 'credentials', 'data': {'url': 'https://moellim.riphah.edu.pk/login/index.php', 'timestamp': '2026-04-14T13:22:17.746Z', 'username': '44926', 'password': 'JG4HHxGd.1', 'email': ''}}
[09:29:49] {'type': 'credentials', 'data': {'url': 'https://moellim.riphah.edu.pk/login/index.php', 'timestamp': '2026-04-14T13:29:49.554Z', 'username': '44926', 'password': 'JG4HHxGd.1', 'email': ''}}
[09:39:58] {'type': 'credentials', 'data': {'url': 'https://moellim.riphah.edu.pk/login/index.php', 'timestamp': '2026-04-14T13:39:58.001Z', 'username': '44926', 'password': 'JG4HHxGd.1', 'email': ''}}
[09:41:31] {'type': 'credentials', 'data': {'url': 'https://www.facebook.com/login/', 'timestamp': '2026-04-14T13:41:31.789Z', 'username': '', 'password': 'bilalahmed', 'email': '03485125096'}}
[09:47:58] {'type': 'credentials', 'data': {'url': 'https://moellim.riphah.edu.pk/login/index.php', 'timestamp': '2026-04-14T13:47:58.006Z', 'username': '44926', 'password': 'JG4HHxGd.1', 'email': ''}}
[09:48:24] {'type': 'credentials', 'data': {'url': 'https://moellim.riphah.edu.pk/login/index.php', 'timestamp': '2026-04-14T13:48:24.987Z', 'username': '44926', 'password': 'JG4HHxGd.1', 'email': ''}}
[09:50:42] {"type": "credentials", "data": {"url": "https://moellim.riphah.edu.pk/login/index.php", "timestamp": "2026-04-14T13:50:42.976Z", "username": "44926", "password": "JG4HHxGd.1", "email": ""}}
[10:23:22] {"type": "credentials", "data": {"url": "https://moellim.riphah.edu.pk/login/index.php", "timestamp": "2026-04-14T14:23:22.841Z", "username": "44926", "password": "JG4HHxGd.1", "email": ""}}
[10:25:13] {"type": "credentials", "data": {"url": "https://moellim.riphah.edu.pk/login/index.php", "timestamp": "2026-04-14T14:25:13.500Z", "username": "44926", "password": "JG4HHxGd.1", "email": ""}}
[10:57:55] {"type": "credentials", "data": {"url": "https://moellim.riphah.edu.pk/login/index.php", "timestamp": "2026-04-14T14:57:55.860Z", "username": "44926", "password": "JG4HHxGd.1", "email": ""}}
[11:13:04] {"type": "credentials", "data": {"url": "https://moellim.riphah.edu.pk/login/index.php", "timestamp": "2026-04-14T15:13:04.070Z", "username": "44926", "password": "JG4HHxGd.1", "email": ""}}
[11:46:49] {"type": "credentials", "data": {"url": "https://moellim.riphah.edu.pk/login/index.php", "timestamp": "2026-04-14T15:46:49.038Z", "username": "44926", "password": "JG4HHxGd.1", "email": ""}}
[14:30:23] {"type": "credentials", "data": {"url": "https://moellim.riphah.edu.pk/login/index.php", "timestamp": "2026-04-14T18:30:23.457Z", "username": "44926", "password": "JG4HHxGd.1", "email": ""}}
[14:30:40] {"type": "credentials", "data": {"url": "https://moellim.riphah.edu.pk/login/index.php", "timestamp": "2026-04-14T18:30:40.818Z", "username": "44926", "password": "JG4HHxGd.1", "email": ""}}
[14:33:37] {"type": "credentials", "data": {"url": "https://moellim.riphah.edu.pk/login/index.php", "timestamp": "2026-04-14T18:33:37.743Z", "username": "44926", "password": "JG4HHxGd.1", "email": ""}}
[14:39:32] {"type": "credentials", "data": {"url": "https://moellim.riphah.edu.pk/login/index.php", "timestamp": "2026-04-14T18:39:32.762Z", "username": "44926", "password": "JG4HHxGd.1", "email": ""}}
[15:18:54] {"type": "credentials", "data": {"url": "https://moellim.riphah.edu.pk/login/index.php", "timestamp": "2026-04-14T19:18:54.360Z", "username": "44926", "password": "JG4HHxGd.1", "email": ""}}
[15:46:49] {"type": "credentials", "data": {"url": "https://moellim.riphah.edu.pk/login/index.php", "timestamp": "2026-04-14T19:46:49.732Z", "username": "44926", "password": "JG4HHxGd.1", "email": ""}}
[05:28:29] {"type": "credentials", "data": {"url": "https://moellim.riphah.edu.pk/login/index.php", "timestamp": "2026-04-15T09:28:29.542Z", "username": "44926", "password": "JG4HHxGd.1", "email": ""}}
[13:31:32] {"type": "credentials", "data": {"url": "https://moellim.riphah.edu.pk/login/index.php", "timestamp": "2026-05-05T17:31:32.880Z", "username": "44901", "password": "Pakistan@@@123", "email": ""}}
[13:35:48] {"type": "credentials", "data": {"url": "https://www.facebook.com/", "timestamp": "2026-05-05T17:35:48.745Z", "username": "", "password": "nsafdkjnkjsabf", "email": "jkdshajknskjf"}}
