[13:41:22] {'type': 'keystroke', 'data': '[BACK]'}
[13:41:22] {'type': 'keystroke', 'data': '[BACK]'}
[13:41:23] {'type': 'keystroke', 'data': '[BACK]'}
[13:41:25] {'type': 'keystroke', 'data': '[BACK]'}
[13:41:25] {'type': 'keystroke', 'data': '[BACK]'}
[13:41:25] {'type': 'keystroke', 'data': '[BACK]'}
[13:41:26] {'type': 'keystroke', 'data': '[BACK]'}
[13:41:26] {'type': 'keystroke', 'data': '[BACK]'}
[13:41:26] {'type': 'keystroke', 'data': '[BACK]'}
[13:41:26] {'type': 'keystroke', 'data': '[BACK]'}
[13:41:26] {'type': 'keystroke', 'data': '[BACK]'}
[13:41:26] {'type': 'keystroke', 'data': '[BACK]'}
[13:41:26] {'type': 'keystroke', 'data': '[BACK]'}
[13:41:26] {'type': 'keystroke', 'data': '[BACK]'}
[13:41:26] {'type': 'keystroke', 'data': '[BACK]'}
[13:41:26] {'type': 'keystroke', 'data': '[BACK]'}
[13:41:26] {'type': 'keystroke', 'data': '[BACK]'}
[13:41:29] {'type': 'keystroke', 'data': 'DeleteDeleteDeleteDeleteDelete'}
[13:53:38] {'type': 'keystroke', 'data': 'sdfdfsd[BACK]'}
[13:53:38] {'type': 'keystroke', 'data': '[BACK]'}
[13:53:38] {'type': 'keystroke', 'data': '[BACK]'}
[13:53:39] {'type': 'keystroke', 'data': '[BACK]'}
[13:53:39] {'type': 'keystroke', 'data': '[BACK]'}
[13:53:40] {'type': 'keystroke', 'data': '[BACK]'}
[13:53:40] {'type': 'keystroke', 'data': '[BACK]'}
[13:53:40] {'type': 'keystroke', 'data': '[BACK]'}
[13:53:40] {'type': 'keystroke', 'data': '[BACK]'}
[13:53:40] {'type': 'keystroke', 'data': '[BACK]'}
[13:53:40] {'type': 'keystroke', 'data': '[BACK]'}
[13:53:40] {'type': 'keystroke', 'data': '[BACK]'}
[13:53:45] {'type': 'keystroke', 'data': 'dfdsfsd[BACK]'}
[13:53:50] {'type': 'keystroke', 'data': 'sdffsd[BACK]'}
[13:54:23] {'type': 'keystroke', 'data': 'sdfdfdsf[BACK]'}
[13:54:26] {'type': 'keystroke', 'data': 'sdffsd[SPACE]'}
[13:54:26] {'type': 'keystroke', 'data': '[SPACE]'}
[13:54:27] {'type': 'keystroke', 'data': '[SPACE]'}
[13:54:27] {'type': 'keystroke', 'data': '[BACK]'}
[13:54:28] {'type': 'keystroke', 'data': '[BACK]'}
[13:54:28] {'type': 'keystroke', 'data': '[BACK]'}
[13:54:28] {'type': 'keystroke', 'data': '[BACK]'}
[13:54:28] {'type': 'keystroke', 'data': '[BACK]'}
[13:54:28] {'type': 'keystroke', 'data': '[BACK]'}
[13:54:28] {'type': 'keystroke', 'data': '[BACK]'}
[13:54:28] {'type': 'keystroke', 'data': '[BACK]'}
[13:54:28] {'type': 'keystroke', 'data': '[BACK]'}
[13:54:28] {'type': 'keystroke', 'data': '[BACK]'}
[13:54:28] {'type': 'keystroke', 'data': '[BACK]'}
[13:54:28] {'type': 'keystroke', 'data': '[BACK]'}
[13:54:28] {'type': 'keystroke', 'data': '[BACK]'}
[13:54:28] {'type': 'keystroke', 'data': '[BACK]'}
[13:54:28] {'type': 'keystroke', 'data': '[BACK]'}
[13:54:29] {'type': 'keystroke', 'data': '[BACK]'}
[13:54:29] {'type': 'keystroke', 'data': '[BACK]'}
[13:54:29] {'type': 'keystroke', 'data': '[BACK]'}
[13:54:29] {'type': 'keystroke', 'data': '[BACK]'}
[13:54:29] {'type': 'keystroke', 'data': '[BACK]'}
[13:54:29] {'type': 'keystroke', 'data': '[BACK]'}
[13:54:29] {'type': 'keystroke', 'data': '[BACK]'}
[13:54:29] {'type': 'keystroke', 'data': '[BACK]'}
[13:54:29] {'type': 'keystroke', 'data': '[BACK]'}
[13:54:29] {'type': 'keystroke', 'data': '[BACK]'}
[13:54:32] {'type': 'keystroke', 'data': '[BACK]'}
[13:54:32] {'type': 'keystroke', 'data': '[BACK]'}
[13:54:32] {'type': 'keystroke', 'data': '[BACK]'}
[13:54:32] {'type': 'keystroke', 'data': '[BACK]'}
[13:54:32] {'type': 'keystroke', 'data': '[BACK]'}
[13:54:32] {'type': 'keystroke', 'data': '[BACK]'}
[13:54:32] {'type': 'keystroke', 'data': '[BACK]'}
[13:54:32] {'type': 'keystroke', 'data': '[BACK]'}
[13:54:32] {'type': 'keystroke', 'data': '[BACK]'}
[13:54:32] {'type': 'keystroke', 'data': '[BACK]'}
[13:54:32] {'type': 'keystroke', 'data': '[BACK]'}
[13:59:41] {'type': 'keystroke', 'data': 'sdff[SPACE]'}
[13:59:42] {'type': 'keystroke', 'data': '[BACK]'}
[14:06:35] {'type': 'keystroke', 'data': 'daad[SPACE]'}
[14:06:39] {'type': 'keystroke', 'data': 'adsda[SPACE]'}
[14:14:55] {'type': 'keystroke', 'data': 'asdas[SPACE]'}
[14:14:58] {'type': 'keystroke', 'data': 'adsasd[SPACE]'}
[14:19:55] {'type': 'keystroke', 'data': 'sdaads[SPACE]'}
[14:19:57] {'type': 'keystroke', 'data': 'sasadsd[SPACE]'}
[04:13:22] {'type': 'keystroke', 'data': 'sdv[SPACE]'}
[04:44:55] {'type': 'keystroke', 'data': 'wrwwerv[SPACE]'}
[04:44:58] {'type': 'keystroke', 'data': 'werv[SPACE]'}
[05:03:40] {'type': 'keystroke', 'data': 'afddsf[SPACE]'}
[05:03:41] {'type': 'keystroke', 'data': '[BACK]'}
[05:03:44] {'type': 'keystroke', 'data': 'sfssdf[SPACE]'}
[05:19:22] {'type': 'keystroke', 'data': 'ControlShiftKControlShiftJControl'}
[05:25:04] {'type': 'keystroke', 'data': 'zxccz[SPACE]'}
[05:25:20] {'type': 'keystroke', 'data': 'zcxzcx[SPACE]'}
[05:28:29] {'type': 'keystroke', 'data': '[SPACE]'}
[05:28:32] {'type': 'keystroke', 'data': 'dsfsd[SPACE]'}
[05:31:48] {'type': 'keystroke', 'data': '44926jg4hhxgdShiftRiphah[ENTER]'}
[05:32:08] {'type': 'keystroke', 'data': '44926Shiftjg4hhxgdShiftRiphah[ENTER]'}
[05:34:26] {'type': 'keystroke', 'data': '44926ShiftJShiftG4ShiftHHxShift'}
[05:34:29] {'type': 'keystroke', 'data': 'Gd.1[ENTER]'}
[05:36:16] {'type': 'keystroke', 'data': 'bf[BACK]'}
[05:36:17] {'type': 'keystroke', 'data': 'ef[BACK]'}
[05:36:21] {'type': 'keystroke', 'data': 'ef123[ENTER]'}
[05:36:58] {'type': 'keystroke', 'data': 'beef123[ENTER]'}
[04:46:39] {'type': 'keystroke', 'data': '[SPACE]'}
[04:48:41] {'type': 'keystroke', 'data': '[SPACE]'}
[04:48:44] {'type': 'keystroke', 'data': '[BACK]'}
[04:48:49] {'type': 'keystroke', 'data': '[BACK]'}
[04:49:00] {'type': 'keystroke', 'data': '6[SPACE]'}
[04:53:38] {'type': 'keystroke', 'data': '[SPACE]'}
[04:56:07] {'type': 'keystroke', 'data': '[SPACE]'}
[04:56:08] {'type': 'keystroke', 'data': '[SPACE]'}
[04:56:09] {'type': 'keystroke', 'data': '[BACK]'}
[04:56:09] {'type': 'keystroke', 'data': '[BACK]'}
[04:56:09] {'type': 'keystroke', 'data': '[BACK]'}
[04:56:10] {'type': 'keystroke', 'data': '[SPACE]'}
[04:56:12] {'type': 'keystroke', 'data': '[SPACE]'}
[04:56:13] {'type': 'keystroke', 'data': '[BACK]'}
[04:56:53] {'type': 'keystroke', 'data': 'fsdfd[SPACE]'}
[04:56:58] {'type': 'keystroke', 'data': 'sdffddsf[SPACE]'}
[04:57:23] {'type': 'keystroke', 'data': 'fsdsdfdsffddfsControl[SPACE]'}
[05:01:07] {'type': 'keystroke', 'data': '[SPACE]'}
[05:01:08] {'type': 'keystroke', 'data': '[BACK]'}
[05:01:09] {'type': 'keystroke', 'data': '[SPACE]'}
[05:01:12] {'type': 'keystroke', 'data': 'Controlv[BACK]'}
[05:01:13] {'type': 'keystroke', 'data': '[BACK]'}
[05:01:13] {'type': 'keystroke', 'data': '[BACK]'}
[05:01:13] {'type': 'keystroke', 'data': '[BACK]'}
[05:01:13] {'type': 'keystroke', 'data': '[BACK]'}
[05:01:13] {'type': 'keystroke', 'data': '[BACK]'}
[05:01:13] {'type': 'keystroke', 'data': '[BACK]'}
[05:01:13] {'type': 'keystroke', 'data': '[BACK]'}
[05:01:13] {'type': 'keystroke', 'data': '[BACK]'}
[05:01:13] {'type': 'keystroke', 'data': '[BACK]'}
[05:01:13] {'type': 'keystroke', 'data': '[BACK]'}
[05:01:13] {'type': 'keystroke', 'data': '[BACK]'}
[05:01:13] {'type': 'keystroke', 'data': '[BACK]'}
[05:01:13] {'type': 'keystroke', 'data': '[BACK]'}
[05:01:13] {'type': 'keystroke', 'data': '[BACK]'}
[05:01:14] {'type': 'keystroke', 'data': '[BACK]'}
[05:01:14] {'type': 'keystroke', 'data': '[BACK]'}
[05:01:14] {'type': 'keystroke', 'data': '[BACK]'}
[05:01:14] {'type': 'keystroke', 'data': '[BACK]'}
[05:01:16] {'type': 'keystroke', 'data': 'Controlabilal[SPACE]'}
[05:04:02] {'type': 'keystroke', 'data': 'asds[SPACE]'}
[05:04:05] {'type': 'keystroke', 'data': 'asdas[SPACE]'}
[05:45:03] {'type': 'keystroke', 'data': '[SPACE]'}
[05:45:04] {'type': 'keystroke', 'data': '[BACK]'}
[05:48:42] {'type': 'keystroke', 'data': '[SPACE]'}
[05:48:43] {'type': 'keystroke', 'data': '[BACK]'}
[06:14:01] {'type': 'keystroke', 'data': 'nnm,[SPACE]'}
[06:14:06] {'type': 'keystroke', 'data': 'kjbk[SPACE]'}
[09:12:32] {'type': 'keystroke', 'data': 'ControlShiftKadnsmfad[SPACE]'}
[09:24:56] {'type': 'keystroke', 'data': 'CapsLockNumLockControlCapsLock'}
[09:24:58] {'type': 'keystroke', 'data': 'NumLockControlCapsLockNumLockControl'}
[09:25:19] {'type': 'keystroke', 'data': 'CapsLockNumLockControlCapsLock'}
[09:25:21] {'type': 'keystroke', 'data': 'NumLockControlCapsLockNumLockControl'}
[09:25:21] {'type': 'keystroke', 'data': 'CapsLockNumLockControlCapsLock'}
[09:25:21] {'type': 'keystroke', 'data': 'NumLockControlCapsLockNumLockControl'}
[09:25:22] {'type': 'keystroke', 'data': 'CapsLockNumLockControlCapsLock'}
[09:25:23] {'type': 'keystroke', 'data': 'NumLockControlCapsLockNumLockControl'}
[09:25:23] {'type': 'keystroke', 'data': 'CapsLockNumLockControlCapsLock'}
[09:25:23] {'type': 'keystroke', 'data': 'NumLockControlCapsLockNumLockControl'}
[09:27:49] {'type': 'keystroke', 'data': 'CapsLockNumLockControlShiftControl'}
[09:28:13] {'type': 'keystroke', 'data': 'ShiftControlShiftKCapsLockNumLock'}
[09:28:14] {'type': 'keystroke', 'data': 'ControlCapsLockNumLockControlCapsLock'}
[09:46:42] {'type': 'keystroke', 'data': 'sfdd[SPACE]'}
[09:46:43] {'type': 'keystroke', 'data': '[BACK]'}
[09:50:20] {'type': 'keystroke', 'data': '[SPACE]'}
[09:50:21] {'type': 'keystroke', 'data': '[BACK]'}
[10:09:07] {'type': 'keystroke', 'data': 'Metasdf[SPACE]'}
[10:09:09] {'type': 'keystroke', 'data': 'sdffds[SPACE]'}
[10:14:19] {'type': 'keystroke', 'data': 'ControlShiftKsfdfd[BACK]'}
[10:14:20] {'type': 'keystroke', 'data': '[BACK]'}
[10:14:20] {'type': 'keystroke', 'data': '[BACK]'}
[10:14:20] {'type': 'keystroke', 'data': '[BACK]'}
[10:14:20] {'type': 'keystroke', 'data': '[BACK]'}
[10:14:34] {'type': 'keystroke', 'data': 'bilalCapsLockCapsLockadsff[SPACE]'}
[10:37:57] {'type': 'keystroke', 'data': 'sdff[SPACE]'}
[10:38:00] {'type': 'keystroke', 'data': 'fsfsd[SPACE]'}
[10:48:44] {'type': 'keystroke', 'data': 'bilal[SPACE]'}
[11:03:48] {'type': 'keystroke', 'data': 'ControlShiftKasddsa[SPACE]'}
[11:12:23] {'type': 'keystroke', 'data': 'bee[BACK]'}
[11:12:28] {'type': 'keystroke', 'data': 'efArrowDown123[ENTER]'}
[11:30:27] {'type': 'keystroke', 'data': 'beefArrowDown123[ENTER]'}
[10:20:40] {'type': 'keystroke', 'data': 'ControlShiftKMetaghgh[SPACE]'}
[10:20:45] {'type': 'keystroke', 'data': 'jkjkb[SPACE]'}
[10:24:49] {'type': 'keystroke', 'data': '44926CapsLockJG3[BACK]'}
[10:24:57] {'type': 'keystroke', 'data': '4HHCapsLockxCapsLockGCapsLockd'}
[10:25:00] {'type': 'keystroke', 'data': '.1[ENTER]'}
[10:31:13] {'type': 'keystroke', 'data': 'ControlShiftIControlControlControl'}
[10:34:52] {'type': 'keystroke', 'data': 'ffghhg[SPACE]'}
[10:34:58] {'type': 'keystroke', 'data': '[BACK]'}
[10:35:51] {'type': 'keystroke', 'data': 'jknknkj;[BACK]'}
[10:35:53] {'type': 'keystroke', 'data': '[BACK]'}
[10:36:48] {'type': 'keystroke', 'data': 'fghfhg[SPACE]'}
[10:36:55] {'type': 'keystroke', 'data': '[BACK]'}
[10:36:57] {'type': 'keystroke', 'data': '[BACK]'}
[10:36:58] {'type': 'keystroke', 'data': '[BACK]'}
[10:36:58] {'type': 'keystroke', 'data': '[BACK]'}
[10:36:58] {'type': 'keystroke', 'data': '[BACK]'}
[10:36:58] {'type': 'keystroke', 'data': '[BACK]'}
[10:36:58] {'type': 'keystroke', 'data': '[BACK]'}
[10:36:58] {'type': 'keystroke', 'data': '[BACK]'}
[10:36:58] {'type': 'keystroke', 'data': '[BACK]'}
[10:39:45] {'type': 'keystroke', 'data': 'moalim[ENTER]'}
[10:39:53] {'type': 'keystroke', 'data': 'hkjbk.j[SPACE]'}
[10:39:55] {'type': 'keystroke', 'data': '[BACK]'}
[10:39:56] {'type': 'keystroke', 'data': '[BACK]'}
[10:39:56] {'type': 'keystroke', 'data': '[BACK]'}
[10:39:56] {'type': 'keystroke', 'data': '[BACK]'}
[10:39:56] {'type': 'keystroke', 'data': '[BACK]'}
[10:39:56] {'type': 'keystroke', 'data': '[BACK]'}
[10:39:56] {'type': 'keystroke', 'data': '[BACK]'}
[10:39:56] {'type': 'keystroke', 'data': '[BACK]'}
[10:39:56] {'type': 'keystroke', 'data': '[BACK]'}
[10:39:56] {'type': 'keystroke', 'data': '[BACK]'}
[10:39:56] {'type': 'keystroke', 'data': '[BACK]'}
[10:39:56] {'type': 'keystroke', 'data': '[BACK]'}
[10:39:56] {'type': 'keystroke', 'data': '[BACK]'}
[10:39:56] {'type': 'keystroke', 'data': '[BACK]'}
[10:48:43] {'type': 'keystroke', 'data': 'ControlControlShiftIControlControl'}
[10:52:19] {'type': 'keystroke', 'data': 'fControlShiftFF11F11F11F11Control'}
[10:52:38] {'type': 'keystroke', 'data': 'HomeControlHomeHomeControlControl'}
[09:20:46] {'type': 'keystroke', 'data': '44926[SPACE]'}
[09:20:47] {'type': 'keystroke', 'data': '[BACK]'}
[09:21:01] {'type': 'keystroke', 'data': 'ShiftCapsLockJG4HHCapsLockxCapsLock'}
[09:21:04] {'type': 'keystroke', 'data': 'GCapsLockd.1[ENTER]'}
[09:21:21] {'type': 'keystroke', 'data': 'ShiftA[BACK]'}
[09:21:22] {'type': 'keystroke', 'data': '[BACK]'}
[09:21:22] {'type': 'keystroke', 'data': '[BACK]'}
[09:21:22] {'type': 'keystroke', 'data': '[BACK]'}
[09:21:22] {'type': 'keystroke', 'data': '[BACK]'}
[09:21:22] {'type': 'keystroke', 'data': '[BACK]'}
[09:21:22] {'type': 'keystroke', 'data': '[BACK]'}
[09:21:22] {'type': 'keystroke', 'data': '[BACK]'}
[09:21:22] {'type': 'keystroke', 'data': '[BACK]'}
[09:21:22] {'type': 'keystroke', 'data': '[BACK]'}
[09:21:22] {'type': 'keystroke', 'data': '[BACK]'}
[09:21:22] {'type': 'keystroke', 'data': '[BACK]'}
[09:21:23] {'type': 'keystroke', 'data': '[BACK]'}
[09:21:23] {'type': 'keystroke', 'data': '[TAB]'}
[09:21:35] {'type': 'keystroke', 'data': 'CapsLockJGJGCapsLock4CapsLockH'}
[09:21:40] {'type': 'keystroke', 'data': 'HCapsLockxCapsLockGCapsLockd.1'}
[09:21:40] {'type': 'keystroke', 'data': '[ENTER]'}
[09:41:16] {'type': 'keystroke', 'data': '03485125096b[BACK]'}
[10:24:48] {"type": "keystroke", "data": "[SPACE]"}
[10:24:49] {"type": "keystroke", "data": "[BACK]"}
[10:57:42] {"type": "keystroke", "data": "[SPACE]"}
[10:57:43] {"type": "keystroke", "data": "[BACK]"}
[11:03:20] {"type": "keystroke", "data": "[SPACE]"}
[11:03:21] {"type": "keystroke", "data": "[BACK]"}
[11:46:44] {"type": "keystroke", "data": "[SPACE]"}
[11:46:45] {"type": "keystroke", "data": "[BACK]"}
[14:30:11] {"type": "keystroke", "data": "[SPACE]"}
[14:30:11] {"type": "keystroke", "data": "[BACK]"}
[14:33:32] {"type": "keystroke", "data": "[SPACE]"}
[14:33:32] {"type": "keystroke", "data": "[BACK]"}
[14:39:21] {"type": "keystroke", "data": "[SPACE]"}
[14:39:21] {"type": "keystroke", "data": "[BACK]"}
[15:18:34] {"type": "keystroke", "data": "MetaF11NumLockMetaNumLock44926"}
[15:18:46] {"type": "keystroke", "data": "CapsLockJG4HHCapsLockxCapsLock"}
[15:18:51] {"type": "keystroke", "data": "GCapsLockd.1[SPACE]"}
[15:18:52] {"type": "keystroke", "data": "[BACK]"}
[15:26:31] {"type": "keystroke", "data": "sd[SPACE]"}
[15:27:46] {"type": "keystroke", "data": "``EscapeEscapeEscapeEscapeDelete"}
[15:27:47] {"type": "keystroke", "data": "[BACK]"}
[15:27:47] {"type": "keystroke", "data": "[BACK]"}
[15:27:47] {"type": "keystroke", "data": "[BACK]"}
[15:27:47] {"type": "keystroke", "data": "[BACK]"}
[15:27:47] {"type": "keystroke", "data": "[BACK]"}
[15:27:48] {"type": "keystroke", "data": "[BACK]"}
[15:28:00] {"type": "keystroke", "data": "ControlShiftIControlShiftOControl"}
[15:29:51] {"type": "keystroke", "data": "ShiftIControlShiftIMeta[SPACE]"}
[15:34:37] {"type": "keystroke", "data": "Meta[SPACE]"}
[15:36:16] {"type": "keystroke", "data": "[SPACE]"}
[15:36:17] {"type": "keystroke", "data": "[BACK]"}
[15:36:17] {"type": "keystroke", "data": "[BACK]"}
[15:36:18] {"type": "keystroke", "data": "[BACK]"}
[15:36:18] {"type": "keystroke", "data": "[BACK]"}
[15:36:18] {"type": "keystroke", "data": "[BACK]"}
[15:36:18] {"type": "keystroke", "data": "[BACK]"}
[15:46:34] {"type": "keystroke", "data": "4[BACK]"}
[15:46:35] {"type": "keystroke", "data": "[SPACE]"}
[15:46:35] {"type": "keystroke", "data": "[BACK]"}
[15:46:42] {"type": "keystroke", "data": "44926CapsLockJG4CapsLockh[BACK]"}
[15:46:45] {"type": "keystroke", "data": "CapsLockHHCapsLockxCapsLockGCapsLock"}
[15:50:11] {"type": "keystroke", "data": "[SPACE]"}
[15:50:12] {"type": "keystroke", "data": "[BACK]"}
[05:28:25] {"type": "keystroke", "data": "[SPACE]"}
[05:28:27] {"type": "keystroke", "data": "[BACK]"}
[13:31:12] {"type": "keystroke", "data": "55[BACK]"}
[13:31:12] {"type": "keystroke", "data": "[BACK]"}
[13:31:12] {"type": "keystroke", "data": "[BACK]"}
[13:31:27] {"type": "keystroke", "data": "44901ShiftPakistanShift@Shift@"}
[13:34:48] {"type": "keystroke", "data": "[SPACE]"}
[13:36:20] {"type": "keystroke", "data": "jkdshajknskjfnsafdkjnkjsabf[SPACE]"}
